# Nmap 7.93 scan initiated Wed Jun  4 16:55:37 2025 as: nmap -A -O -T4 -oN /config/logs/nmap_quick_scan.log -iL /config/logs/live_hosts.txt
Nmap scan report for 192.168.2.2
Host is up (0.032s latency).
All 1000 scanned ports on 192.168.2.2 are in ignored states.
Not shown: 1000 closed tcp ports (reset)
Too many fingerprints match this host to give specific OS details
Network Distance: 2 hops

TRACEROUTE (using port 23/tcp)
HOP RTT      ADDRESS
1   0.01 ms  172.17.0.1
2   94.51 ms sanaa-s-s23-fe.home (192.168.2.2)

Nmap scan report for a14-alkhas-b-amer.home (192.168.2.6)
Host is up (0.0037s latency).
All 1000 scanned ports on a14-alkhas-b-amer.home (192.168.2.6) are in ignored states.
Not shown: 1000 closed tcp ports (reset)
Too many fingerprints match this host to give specific OS details
Network Distance: 2 hops

TRACEROUTE (using port 23/tcp)
HOP RTT     ADDRESS
-   Hop 1 is the same as for 192.168.2.2
2   3.79 ms a14-alkhas-b-amer.home (192.168.2.6)

Nmap scan report for 192.168.2.7
Host is up (0.0043s latency).
Not shown: 998 closed tcp ports (reset)
PORT     STATE    SERVICE    VERSION
80/tcp   open     http       Mitel SIP DEC VoIP phone http config
| http-title: Internet Radio 4.x
|_Requested resource was /web/index.html
8080/tcp filtered http-proxy
Device type: media device|webcam|WAP|printer
Running (JUST GUESSING): Frontier Silicon embedded (93%), Leica embedded (93%), Novatel embedded (93%), Olympus embedded (93%), Canon embedded (90%), iDirect embedded (86%)
OS CPE: cpe:/h:novatel:mifi_4620l cpe:/h:olympus:stylus_sh-2 cpe:/h:canon:imageclass_mf212w
Aggressive OS guesses: Frontier Silicon internet radio (93%), Leica T camera (93%), Novatel MiFi 4620L WAP (93%), Olympus Stylus SH-2 camera (93%), Canon imageCLASS MF212w printer (90%), Novatel MiFi 2200 3G WAP or iDirect Evolution X1 satellite router (86%)
No exact OS matches for host (test conditions non-ideal).
Network Distance: 2 hops
Service Info: Device: VoIP phone

TRACEROUTE (using port 23/tcp)
HOP RTT     ADDRESS
-   Hop 1 is the same as for 192.168.2.2
2   5.24 ms 192.168.2.7

Nmap scan report for re200-1.home (192.168.2.13)
Host is up (0.0064s latency).
Not shown: 999 closed tcp ports (reset)
PORT   STATE SERVICE VERSION
80/tcp open  http    TP-LINK RE200 WAP http config
|_http-title: Site doesn't have a title (text/html).
|_http-server-header: Router Webserver
Device type: general purpose
Running: Linux 2.6.X
OS CPE: cpe:/o:linux:linux_kernel:2.6
OS details: Linux 2.6.23 - 2.6.38
Network Distance: 2 hops
Service Info: Device: WAP; CPE: cpe:/h:tp-link:re200

TRACEROUTE (using port 23/tcp)
HOP RTT     ADDRESS
-   Hop 1 is the same as for 192.168.2.2
2   6.20 ms re200-1.home (192.168.2.13)

Nmap scan report for 192.168.2.81
Host is up (0.000010s latency).
Not shown: 991 closed tcp ports (reset)
PORT     STATE SERVICE        VERSION
22/tcp   open  ssh            OpenSSH 8.9p1 Ubuntu 3ubuntu0.13 (Ubuntu Linux; protocol 2.0)
| ssh-hostkey: 
|   256 b0dda5180b6ccafe3357eb92e8dc0d1d (ECDSA)
|_  256 7e0bdd77c5c1638721f7e9ac58159e43 (ED25519)
80/tcp   open  http           Golang net/http server (Go-IPFS json-rpc or InfluxDB API)
|_http-title: Site doesn't have a title (text/plain; charset=utf-8).
111/tcp  open  rpcbind        2-4 (RPC #100000)
| rpcinfo: 
|   program version    port/proto  service
|   100000  2,3,4        111/tcp   rpcbind
|   100000  2,3,4        111/udp   rpcbind
|   100000  3,4          111/tcp6  rpcbind
|_  100000  3,4          111/udp6  rpcbind
443/tcp  open  ssl/http       Golang net/http server (Go-IPFS json-rpc or InfluxDB API)
| ssl-cert: Subject: commonName=TRAEFIK DEFAULT CERT
| Subject Alternative Name: DNS:6791426140ee93c89a7ce1cac512a34f.e8050851d0247945e6dc7190534e03d1.traefik.default
| Not valid before: 2025-06-04T16:55:31
|_Not valid after:  2026-06-04T16:55:31
|_http-title: Site doesn't have a title (text/plain; charset=utf-8).
888/tcp  open  accessbuilder?
| fingerprint-strings: 
|   FourOhFourRequest: 
|     HTTP/1.1 404 Not Found
|     Content-Type: application/octet-stream
|     X-Xss-Protection: 1; mode=block
|     X-Frame-Options: SAMEORIGIN
|     X-Content-Type-Options: nosniff
|     Content-Length: 0
|     Server: http-kit
|     Date: Wed, 04 Jun 2025 16:56:18 GMT
|   GetRequest: 
|     HTTP/1.1 200 OK
|     Content-Type: text/html
|     Content-Length: 2599
|     Server: http-kit
|     Date: Wed, 04 Jun 2025 16:55:48 GMT
|     <!DOCTYPE html>
|     <html lang="en">
|     <head>
|     <title>swarmpit</title>
|     <meta charset="utf-8" />
|     <meta name="viewport" content="width=device-width,initial-scale=1,maximum-scale=1,user-scalable=0" />
|     <meta name="description" content="Lightweight Docker Swarm management UI" />
|     <meta name="theme-color" content="#65519f" />
|     <link rel="apple-touch-icon" sizes="180x180" href="icon/apple-touch-icon.png?v=2" />
|     <link rel="icon" type="image/png" sizes="32x32" href="icon/favicon-32x32.png?v=2" />
|     <link rel="icon" type="image/png" sizes="16x16" href="icon/favicon-16x16.png?v=2" />
|     <link rel="mask-icon" href="icon/safari-pinned-tab.svg?v=2" color="#5bbad5" />
|     <link rel="manifest" href="manifest.json" />
|     <link rel="stylesheet" href="css/rc-slider
|   HTTPOptions, RTSPRequest: 
|     HTTP/1.1 200 OK
|     Allow: GET,OPTIONS
|     Content-Length: 0
|     Server: http-kit
|     Date: Wed, 04 Jun 2025 16:55:48 GMT
|   SIPOptions: 
|     HTTP/1.1 404 Not Found
|     Content-Type: application/octet-stream
|     X-Xss-Protection: 1; mode=block
|     X-Frame-Options: SAMEORIGIN
|     X-Content-Type-Options: nosniff
|     Content-Length: 0
|     Server: http-kit
|_    Date: Wed, 04 Jun 2025 16:56:23 GMT
900/tcp  open  http           Gophish httpd
|_http-title: Portainer
3389/tcp open  ssl/http       Golang net/http server (Go-IPFS json-rpc or InfluxDB API)
| ssl-cert: Subject: commonName=TRAEFIK DEFAULT CERT
| Subject Alternative Name: DNS:6791426140ee93c89a7ce1cac512a34f.e8050851d0247945e6dc7190534e03d1.traefik.default
| Not valid before: 2025-06-04T16:55:31
|_Not valid after:  2026-06-04T16:55:31
|_http-title: Site doesn't have a title (text/plain; charset=utf-8).
8888/tcp open  http           nginx 1.27.3
|_http-server-header: nginx/1.27.3
|_http-title: Atlas React UI
9000/tcp open  cslistener?
| fingerprint-strings: 
|   GenericLines, Help, Kerberos, RTSPRequest, SSLSessionReq, TLSSessionReq, TerminalServerCookie: 
|     HTTP/1.1 400 Bad Request
|     Content-Type: text/plain; charset=utf-8
|     Connection: close
|     Request
|   GetRequest: 
|     HTTP/1.0 400 Bad Request
|     Accept-Ranges: bytes
|     Content-Length: 276
|     Content-Type: application/xml
|     Server: MinIO
|     Strict-Transport-Security: max-age=31536000; includeSubDomains
|     Vary: Origin
|     X-Amz-Id-2: dd9025bab4ad464b049177c95eb6ebf374d3b3fd1af9251148b658df7ac2e3e8
|     X-Amz-Request-Id: 1845E54CF0D00469
|     X-Content-Type-Options: nosniff
|     X-Xss-Protection: 1; mode=block
|     Date: Wed, 04 Jun 2025 16:55:48 GMT
|     <?xml version="1.0" encoding="UTF-8"?>
|     <Error><Code>InvalidRequest</Code><Message>Invalid Request (invalid argument)</Message><Resource>/</Resource><RequestId>1845E54CF0D00469</RequestId><HostId>dd9025bab4ad464b049177c95eb6ebf374d3b3fd1af9251148b658df7ac2e3e8</HostId></Error>
|   HTTPOptions: 
|     HTTP/1.0 200 OK
|     Vary: Origin
|     Date: Wed, 04 Jun 2025 16:55:48 GMT
|_    Content-Length: 0
2 services unrecognized despite returning data. If you know the service/version, please submit the following fingerprints at https://nmap.org/cgi-bin/submit.cgi?new-service :
==============NEXT SERVICE FINGERPRINT (SUBMIT INDIVIDUALLY)==============
SF-Port888-TCP:V=7.93%I=7%D=6/4%Time=68407A94%P=x86_64-pc-linux-gnu%r(GetR
SF:equest,AA0,"HTTP/1\.1\x20200\x20OK\r\nContent-Type:\x20text/html\r\nCon
SF:tent-Length:\x202599\r\nServer:\x20http-kit\r\nDate:\x20Wed,\x2004\x20J
SF:un\x202025\x2016:55:48\x20GMT\r\n\r\n<!DOCTYPE\x20html>\n<html\x20lang=
SF:\"en\">\n<head>\n\x20\x20\x20\x20<title>swarmpit</title>\n\x20\x20\x20\
SF:x20<meta\x20charset=\"utf-8\"\x20/>\n\x20\x20\x20\x20<meta\x20name=\"vi
SF:ewport\"\x20content=\"width=device-width,initial-scale=1,maximum-scale=
SF:1,user-scalable=0\"\x20/>\n\x20\x20\x20\x20<meta\x20name=\"description\
SF:"\x20content=\"Lightweight\x20Docker\x20Swarm\x20management\x20UI\"\x20
SF:/>\n\x20\x20\x20\x20<meta\x20name=\"theme-color\"\x20content=\"#65519f\
SF:"\x20/>\n\x20\x20\x20\x20<link\x20rel=\"apple-touch-icon\"\x20sizes=\"1
SF:80x180\"\x20href=\"icon/apple-touch-icon\.png\?v=2\"\x20/>\n\x20\x20\x2
SF:0\x20<link\x20rel=\"icon\"\x20type=\"image/png\"\x20sizes=\"32x32\"\x20
SF:href=\"icon/favicon-32x32\.png\?v=2\"\x20/>\n\x20\x20\x20\x20<link\x20r
SF:el=\"icon\"\x20type=\"image/png\"\x20sizes=\"16x16\"\x20href=\"icon/fav
SF:icon-16x16\.png\?v=2\"\x20/>\n\x20\x20\x20\x20<link\x20rel=\"mask-icon\
SF:"\x20href=\"icon/safari-pinned-tab\.svg\?v=2\"\x20color=\"#5bbad5\"\x20
SF:/>\n\x20\x20\x20\x20<link\x20rel=\"manifest\"\x20href=\"manifest\.json\
SF:"\x20/>\n\x20\x20\x20\x20<link\x20rel=\"stylesheet\"\x20href=\"css/rc-s
SF:lider")%r(HTTPOptions,71,"HTTP/1\.1\x20200\x20OK\r\nAllow:\x20GET,OPTIO
SF:NS\r\nContent-Length:\x200\r\nServer:\x20http-kit\r\nDate:\x20Wed,\x200
SF:4\x20Jun\x202025\x2016:55:48\x20GMT\r\n\r\n")%r(RTSPRequest,71,"HTTP/1\
SF:.1\x20200\x20OK\r\nAllow:\x20GET,OPTIONS\r\nContent-Length:\x200\r\nSer
SF:ver:\x20http-kit\r\nDate:\x20Wed,\x2004\x20Jun\x202025\x2016:55:48\x20G
SF:MT\r\n\r\n")%r(FourOhFourRequest,EB,"HTTP/1\.1\x20404\x20Not\x20Found\r
SF:\nContent-Type:\x20application/octet-stream\r\nX-Xss-Protection:\x201;\
SF:x20mode=block\r\nX-Frame-Options:\x20SAMEORIGIN\r\nX-Content-Type-Optio
SF:ns:\x20nosniff\r\nContent-Length:\x200\r\nServer:\x20http-kit\r\nDate:\
SF:x20Wed,\x2004\x20Jun\x202025\x2016:56:18\x20GMT\r\n\r\n")%r(SIPOptions,
SF:EB,"HTTP/1\.1\x20404\x20Not\x20Found\r\nContent-Type:\x20application/oc
SF:tet-stream\r\nX-Xss-Protection:\x201;\x20mode=block\r\nX-Frame-Options:
SF:\x20SAMEORIGIN\r\nX-Content-Type-Options:\x20nosniff\r\nContent-Length:
SF:\x200\r\nServer:\x20http-kit\r\nDate:\x20Wed,\x2004\x20Jun\x202025\x201
SF:6:56:23\x20GMT\r\n\r\n");
==============NEXT SERVICE FINGERPRINT (SUBMIT INDIVIDUALLY)==============
SF-Port9000-TCP:V=7.93%I=7%D=6/4%Time=68407A94%P=x86_64-pc-linux-gnu%r(Gen
SF:ericLines,67,"HTTP/1\.1\x20400\x20Bad\x20Request\r\nContent-Type:\x20te
SF:xt/plain;\x20charset=utf-8\r\nConnection:\x20close\r\n\r\n400\x20Bad\x2
SF:0Request")%r(GetRequest,2B0,"HTTP/1\.0\x20400\x20Bad\x20Request\r\nAcce
SF:pt-Ranges:\x20bytes\r\nContent-Length:\x20276\r\nContent-Type:\x20appli
SF:cation/xml\r\nServer:\x20MinIO\r\nStrict-Transport-Security:\x20max-age
SF:=31536000;\x20includeSubDomains\r\nVary:\x20Origin\r\nX-Amz-Id-2:\x20dd
SF:9025bab4ad464b049177c95eb6ebf374d3b3fd1af9251148b658df7ac2e3e8\r\nX-Amz
SF:-Request-Id:\x201845E54CF0D00469\r\nX-Content-Type-Options:\x20nosniff\
SF:r\nX-Xss-Protection:\x201;\x20mode=block\r\nDate:\x20Wed,\x2004\x20Jun\
SF:x202025\x2016:55:48\x20GMT\r\n\r\n<\?xml\x20version=\"1\.0\"\x20encodin
SF:g=\"UTF-8\"\?>\n<Error><Code>InvalidRequest</Code><Message>Invalid\x20R
SF:equest\x20\(invalid\x20argument\)</Message><Resource>/</Resource><Reque
SF:stId>1845E54CF0D00469</RequestId><HostId>dd9025bab4ad464b049177c95eb6eb
SF:f374d3b3fd1af9251148b658df7ac2e3e8</HostId></Error>")%r(HTTPOptions,59,
SF:"HTTP/1\.0\x20200\x20OK\r\nVary:\x20Origin\r\nDate:\x20Wed,\x2004\x20Ju
SF:n\x202025\x2016:55:48\x20GMT\r\nContent-Length:\x200\r\n\r\n")%r(RTSPRe
SF:quest,67,"HTTP/1\.1\x20400\x20Bad\x20Request\r\nContent-Type:\x20text/p
SF:lain;\x20charset=utf-8\r\nConnection:\x20close\r\n\r\n400\x20Bad\x20Req
SF:uest")%r(Help,67,"HTTP/1\.1\x20400\x20Bad\x20Request\r\nContent-Type:\x
SF:20text/plain;\x20charset=utf-8\r\nConnection:\x20close\r\n\r\n400\x20Ba
SF:d\x20Request")%r(SSLSessionReq,67,"HTTP/1\.1\x20400\x20Bad\x20Request\r
SF:\nContent-Type:\x20text/plain;\x20charset=utf-8\r\nConnection:\x20close
SF:\r\n\r\n400\x20Bad\x20Request")%r(TerminalServerCookie,67,"HTTP/1\.1\x2
SF:0400\x20Bad\x20Request\r\nContent-Type:\x20text/plain;\x20charset=utf-8
SF:\r\nConnection:\x20close\r\n\r\n400\x20Bad\x20Request")%r(TLSSessionReq
SF:,67,"HTTP/1\.1\x20400\x20Bad\x20Request\r\nContent-Type:\x20text/plain;
SF:\x20charset=utf-8\r\nConnection:\x20close\r\n\r\n400\x20Bad\x20Request"
SF:)%r(Kerberos,67,"HTTP/1\.1\x20400\x20Bad\x20Request\r\nContent-Type:\x2
SF:0text/plain;\x20charset=utf-8\r\nConnection:\x20close\r\n\r\n400\x20Bad
SF:\x20Request");
Device type: general purpose
Running: Linux 4.X|5.X
OS CPE: cpe:/o:linux:linux_kernel:4 cpe:/o:linux:linux_kernel:5
OS details: Linux 4.15 - 5.6
Network Distance: 1 hop
Service Info: OS: Linux; CPE: cpe:/o:linux:linux_kernel

TRACEROUTE (using port 23/tcp)
HOP RTT     ADDRESS
1   0.01 ms device-1.home (192.168.2.81)

Nmap scan report for device-2.home (192.168.2.111)
Host is up (0.00011s latency).
Not shown: 997 closed tcp ports (reset)
PORT     STATE SERVICE VERSION
22/tcp   open  ssh     OpenSSH 9.2p1 Debian 2+deb12u2 (protocol 2.0)
| ssh-hostkey: 
|   256 31148681675b0e1f1e39597f90dedebf (ECDSA)
|_  256 e5d7a18b58935aee46f70cc2c523b568 (ED25519)
111/tcp  open  rpcbind 2-4 (RPC #100000)
| rpcinfo: 
|   program version    port/proto  service
|   100000  2,3,4        111/tcp   rpcbind
|   100000  2,3,4        111/udp   rpcbind
|   100000  3,4          111/tcp6  rpcbind
|_  100000  3,4          111/udp6  rpcbind
3128/tcp open  http    Proxmox Virtual Environment REST API 3.0
|_http-title: Site doesn't have a title.
|_http-server-header: pve-api-daemon/3.0
Device type: general purpose
Running: Linux 5.X
OS CPE: cpe:/o:linux:linux_kernel:5
OS details: Linux 5.0 - 5.4
Network Distance: 2 hops
Service Info: OS: Linux; CPE: cpe:/o:linux:linux_kernel

TRACEROUTE (using port 23/tcp)
HOP RTT     ADDRESS
-   Hop 1 is the same as for 192.168.2.2
2   0.14 ms device-2.home (192.168.2.111)

Nmap scan report for 192.168.2.254
Host is up (0.0021s latency).
Not shown: 992 filtered tcp ports (no-response)
PORT      STATE  SERVICE VERSION
53/tcp    open   domain  dnsmasq 2.89
| dns-nsid: 
|_  bind.version: dnsmasq-2.89
80/tcp    open   http    Octoshape P2P streaming web service
|_http-title: KPN WebUI
631/tcp   open   ipp?
|_http-title: Not Found - CUPS v2.3.3
50000/tcp closed ibm-db2
50001/tcp closed unknown
50002/tcp closed iiimsf
50003/tcp closed unknown
50006/tcp closed unknown
Aggressive OS guesses: Linux 3.10 - 4.11 (98%), Linux 3.2 - 4.9 (96%), Linux 4.4 (93%), Linux 2.6.32 - 3.13 (93%), Linux 5.1 (93%), Linux 2.6.22 - 2.6.36 (91%), Linux 2.6.32 - 2.6.39 (91%), Linux 2.6.37 (91%), DD-WRT v24 or v30 (Linux 3.10) (91%), Linux 2.6.39 (91%)
No exact OS matches for host (test conditions non-ideal).
Network Distance: 2 hops

TRACEROUTE (using port 50000/tcp)
HOP RTT     ADDRESS
-   Hop 1 is the same as for 192.168.2.2
2   1.77 ms 192.168.2.254

OS and Service detection performed. Please report any incorrect results at https://nmap.org/submit/ .
# Nmap done at Wed Jun  4 16:57:37 2025 -- 8 IP addresses (7 hosts up) scanned in 120.48 seconds
